{"level":"info","message":"Checked balance for wallet 947abf0d-1a83-4615-a472-7e96e0da2eda"}
{"level":"info","message":"Deposited 100 USD to wallet for user a23bce39-ab0b-42fc-bf1f-abdeb0cbbc72"}
{"level":"info","message":"Deposited 100 USD to wallet for user a23bce39-ab0b-42fc-bf1f-abdeb0cbbc72"}
{"level":"info","message":"Deposited 100 USD to wallet for user a23bce39-ab0b-42fc-bf1f-abdeb0cbbc72"}
{"level":"info","message":"Deposited 100 USD to wallet for user a23bce39-ab0b-42fc-bf1f-abdeb0cbbc72"}
{"level":"info","message":"Deposited 100 USD to wallet for user a23bce39-ab0b-42fc-bf1f-abdeb0cbbc72"}
{"level":"info","message":"Deposited 100 USD to wallet for user a23bce39-ab0b-42fc-bf1f-abdeb0cbbc72"}
{"level":"info","message":"Deposited 100 USD to wallet for user a23bce39-ab0b-42fc-bf1f-abdeb0cbbc72"}
{"level":"info","message":"Deposited 100 USD to wallet for user a23bce39-ab0b-42fc-bf1f-abdeb0cbbc72"}
{"level":"info","message":"User Ashkan successfully logged in"}
{"level":"info","message":"Created wallet for user cb27c550-023f-4978-b234-0ba8387fffc9"}
{"level":"info","message":"Deposited 100 USD to wallet for user cb27c550-023f-4978-b234-0ba8387fffc9"}
{"level":"info","message":"Checked balance for wallet 5e3e5368-f726-417e-8e76-7ba2649b37f1"}
{"level":"info","message":"User ashkan successfully logged in"}
{"level":"info","message":"Created wallet for user d3d97ce3-5672-4037-85ed-7d5a688cbc68"}
{"level":"warn","message":"Retrying transaction due to error: This wallet only accepts deposits in undefined."}
{"level":"info","message":"Updated balance for USD: 100"}
{"level":"info","message":"Deposited 100 USD to wallet for user d3d97ce3-5672-4037-85ed-7d5a688cbc68"}
{"level":"info","message":"Updated balance for USD: 200"}
{"level":"info","message":"Deposited 100 USD to wallet for user d3d97ce3-5672-4037-85ed-7d5a688cbc68"}
{"level":"info","message":"Updated balance for EUR: 100"}
{"level":"info","message":"Deposited 100 EUR to wallet for user d3d97ce3-5672-4037-85ed-7d5a688cbc68"}
{"level":"info","message":"Updated balance for EUR: 0"}
{"level":"info","message":"Withdrew 98.50 EUR from wallet for user d3d97ce3-5672-4037-85ed-7d5a688cbc68 (Fee: 1.50 EUR)"}
{"level":"info","message":"Updated balance for EUR: -203"}
{"level":"info","message":"Withdrew 200.00 EUR from wallet for user d3d97ce3-5672-4037-85ed-7d5a688cbc68 (Fee: 3.00 EUR)"}
{"level":"info","message":"Updated balance for USD: 0"}
{"level":"info","message":"Withdrew 197.00 USD from wallet for user d3d97ce3-5672-4037-85ed-7d5a688cbc68 (Fee: 3.00 USD)"}
{"level":"warn","message":"Retrying transaction due to error: Insufficient balance. Your balance is 0.00 USD but tried to withdraw 200.00 USD plus a fee of 3.00 USD."}
{"level":"info","message":"Updated balance for EUR: 97"}
{"level":"info","message":"Deposited 300 EUR to wallet for user d3d97ce3-5672-4037-85ed-7d5a688cbc68"}
{"level":"info","message":"Updated balance for USD: 100"}
{"level":"info","message":"Deposited 100 USD to wallet for user d3d97ce3-5672-4037-85ed-7d5a688cbc68"}
{"level":"info","message":"Updated balance for EUR: 197"}
{"level":"info","message":"Deposited 100 EUR to wallet for user d3d97ce3-5672-4037-85ed-7d5a688cbc68"}
{"level":"info","message":"Updated balance for USD: 0"}
{"level":"info","message":"Withdrew 98.50 USD from wallet for user d3d97ce3-5672-4037-85ed-7d5a688cbc68 (Fee: 1.50 USD)"}
{"level":"info","message":"Updated balance for EUR: 95.5"}
{"level":"info","message":"Withdrew 98.50 EUR from wallet for user d3d97ce3-5672-4037-85ed-7d5a688cbc68 (Fee: 1.50 EUR)"}
{"level":"warn","message":"Retrying transaction due to error: Insufficient balance. Your balance is 0.00 USD but tried to withdraw 100.00 USD plus a fee of 1.50 USD."}
{"level":"warn","message":"Retrying transaction due to error: Insufficient balance. Your balance is 95.50 EUR but tried to withdraw 100.00 EUR plus a fee of 1.50 EUR."}
{"level":"info","message":"Updated balance for EUR: 4.15"}
{"level":"info","message":"Withdrew 88.65 EUR from wallet for user d3d97ce3-5672-4037-85ed-7d5a688cbc68 (Fee: 1.35 EUR)"}
{"level":"info","message":"Created wallet for user d3d97ce3-5672-4037-85ed-7d5a688cbc68"}
{"level":"info","message":"Updated balance for EUR: 104.15"}
{"level":"info","message":"Deposited 100 EUR to wallet for user d3d97ce3-5672-4037-85ed-7d5a688cbc68"}
{"level":"warn","message":"Retrying transaction due to error: Invalid wallet password"}
{"level":"warn","message":"Retrying transaction due to error: Insufficient balance. You have 0.00 undefined but tried to process 50.00 undefined."}
{"level":"info","message":"Updated balance for USD: 100"}
{"level":"info","message":"Deposited 100 USD to wallet for user d3d97ce3-5672-4037-85ed-7d5a688cbc68"}
{"level":"info","message":"Updated balance for GBP: 200"}
{"level":"info","message":"Deposited 200 GBP to wallet for user d3d97ce3-5672-4037-85ed-7d5a688cbc68"}
{"level":"warn","message":"Retrying transaction due to error: precision is not defined"}
{"level":"warn","message":"Retrying transaction due to error: currency is not defined"}
{"level":"info","message":"Updated balance for GBP: 0"}
{"level":"warn","message":"Retrying transaction due to error: feeForFullBalance.toFixed is not a function"}
{"level":"info","message":"Updated balance for GBP: 98.5"}
{"level":"info","message":"Withdrew 98.50 GBP from wallet for user d3d97ce3-5672-4037-85ed-7d5a688cbc68 (Fee: 1.50 GBP)"}
{"level":"warn","message":"Retrying transaction due to error: Invalid wallet password"}
{"level":"warn","message":"Retrying transaction due to error: Invalid wallet password"}
{"level":"warn","message":"Retrying transaction due to error: Invalid wallet password"}
{"level":"warn","message":"Retrying transaction due to error: transferAmount is not defined"}
{"level":"warn","message":"Retrying transaction due to error: transferAmount is not defined"}
{"level":"info","message":"Using API rate for GBP to EUR: 1.188428465150552"}
{"level":"warn","message":"Retrying transaction due to error: transferAmount is not defined"}
{"level":"info","message":"Using API rate for GBP to EUR: 1.1884284986484848"}
{"level":"info","message":"Updated balance for GBP: 48.5"}
{"level":"info","message":"Updated balance for EUR: 162.6801035584378764"}
{"level":"warn","message":"Retrying transaction due to error: Invalid wallet password"}
{"level":"warn","message":"Retrying transaction due to error: Invalid wallet password"}
{"level":"info","message":"Updated balance for EUR: 112.68"}
{"level":"info","message":"Updated balance for EUR: 49.25"}
{"level":"info","message":"Updated balance for GBP: 28.5"}
{"level":"info","message":"Updated balance for GBP: 19.7"}
{"level":"info","message":"Using API rate for EUR to USD: 1.1078797832507725"}
{"level":"info","message":"Updated balance for EUR: 62.68"}
{"level":"info","message":"Updated balance for USD: 54.563079325100545625"}
{"level":"info","message":"Using API rate for EUR to GBP: 0.8410541154663347"}
{"level":"info","message":"Updated balance for EUR: 62.68"}
{"level":"info","message":"Using API rate for EUR to GBP: 0.8409948974860341"}
{"level":"info","message":"Updated balance for EUR: 62.68"}
{"level":"info","message":"Updated balance for GBP: 61.12"}
{"level":"info","message":"Using API rate for EUR to GBP: 0.8409354617569288"}
{"level":"info","message":"Updated balance for EUR: 62.68"}
{"level":"info","message":"Updated balance for GBP: 61.12"}
{"level":"info","message":"Using API rate for EUR to USD: 1.10810075943646"}
{"level":"info","message":"Updated balance for EUR: 62.68"}
{"level":"info","message":"Updated balance for USD: 54.57"}
{"level":"info","message":"Using API rate for EUR to USD: 1.1084901428718648"}
{"level":"info","message":"Updated balance for EUR: 62.68"}
{"level":"info","message":"Updated balance for USD: 54.59"}
{"level":"info","message":"Using API rate for EUR to USD: 1.1084901428718648"}
{"level":"info","message":"Updated balance for EUR: 62.68"}
{"level":"info","message":"Updated balance for USD: 54.59"}
{"level":"info","message":"Using API rate for EUR to USD: 1.108490149963262"}
{"level":"info","message":"Updated balance for EUR: 62.68"}
{"level":"info","message":"Updated balance for USD: 54.59"}
{"level":"info","message":"Locked wallet 27a3f89f-bf79-4c96-80c7-8b85e0c4ca94"}
{"level":"warn","message":"Retrying transaction due to error: Wallet is locked. Please unlock it to perform transactions."}
{"level":"info","message":"Unlocked wallet 27a3f89f-bf79-4c96-80c7-8b85e0c4ca94"}
{"level":"info","message":"Updated balance for usd: 0"}
{"level":"info","message":"Updated balance for 01coin: 10"}
{"level":"info","message":"Updated balance for usd: 0"}
{"level":"info","message":"Updated balance for 01coin: 10"}
{"level":"info","message":"Updated balance for usd: 0"}
{"level":"info","message":"Updated balance for 01coin: 10"}
{"level":"info","message":"Updated balance for usd: 0"}
{"level":"info","message":"Updated balance for 01coin: 10"}
{"level":"info","message":"Updated balance for USD: NaN"}
{"level":"info","message":"Updated balance for 01coin: 20"}
{"level":"info","message":"Updated balance for USD: NaN"}
{"level":"info","message":"Updated balance for 01coin: 10.1"}
{"level":"info","message":"Updated balance for USD: NaN"}
{"level":"info","message":"Updated balance for 01coin: 10.1"}
{"level":"error","message":"Error fetching coin price for Zus in USD: "}
{"level":"error","message":"Error fetching coin price for Zus in USD: "}
{"level":"error","message":"Error fetching coin price for Zus in USD: Cannot read properties of undefined (reading 'USD')"}
{"level":"error","message":"Error fetching coin price for Zus in USD: Cannot read properties of undefined (reading 'USD')"}
{"level":"error","message":"Error fetching coin price for Zus in USD: Cannot read properties of undefined (reading 'USD')"}
{"level":"error","message":"Error fetching coin price for Zus in USD: Cannot read properties of undefined (reading 'USD')"}
{"level":"info","message":"Updated balance for USD: 53.89851"}
{"level":"info","message":"Updated balance for 0chain: 10"}
{"level":"info","message":"Updated balance for USD: 53.20851"}
{"level":"info","message":"Updated balance for 0chain: 20"}
{"level":"info","message":"Updated balance for USD: 52.50732"}
{"level":"info","message":"Updated balance for 0chain: 30"}
{"level":"info","message":"Updated balance for USD: 51.80732"}
{"level":"info","message":"Updated balance for 0chain: 40"}
{"level":"info","message":"Updated balance for USD: 51.10732"}
{"level":"info","message":"Updated balance for 0chain: 50"}
{"level":"info","message":"Updated balance for USD: 50.40732"}
{"level":"info","message":"Updated balance for 0chain: 60"}
{"level":"info","message":"User Ashkanhs successfully logged in"}
{"level":"info","message":"Created wallet for user f7dc7cc7-d1c4-4688-b4dd-95c4cdc90791"}
{"level":"error","message":"Error fetching coin price for undefined in usd: Cannot read properties of undefined (reading 'usd')"}
{"level":"error","message":"Error fetching coin price for undefined in usd: Cannot read properties of undefined (reading 'usd')"}
{"level":"error","message":"Error fetching coin price for undefined in usd: Cannot read properties of undefined (reading 'usd')"}
{"level":"error","message":"Error fetching coin price for undefined in usd: Cannot read properties of undefined (reading 'usd')"}
{"level":"info","message":"Updated balance for USD: 100"}
{"level":"info","message":"Deposited 100 USD to wallet for user f7dc7cc7-d1c4-4688-b4dd-95c4cdc90791"}
{"level":"error","message":"Error fetching coin price for undefined in usd: Cannot read properties of undefined (reading 'usd')"}
{"level":"error","message":"Error fetching coin price for undefined in usd: Cannot read properties of undefined (reading 'usd')"}
{"level":"error","message":"Error fetching coin price for undefined in usd: Cannot read properties of undefined (reading 'usd')"}
{"level":"error","message":"Error fetching coin price for undefined in usd: Cannot read properties of undefined (reading 'usd')"}
{"level":"error","message":"Error fetching coin price for undefined in usd: Cannot read properties of undefined (reading 'usd')"}
{"level":"error","message":"Error fetching coin price for undefined in usd: Cannot read properties of undefined (reading 'usd')"}
{"level":"info","message":"Fetching price for undefined in USD"}
{"level":"error","message":"Error fetching coin price for undefined in usd: Cannot read properties of undefined (reading 'usd')"}
{"level":"info","message":"Fetching price for 01coin in USD"}
{"level":"info","message":"Balance before update (USD): 100.00"}
{"level":"info","message":"Updated balance for USD: 99.9967993"}
{"level":"info","message":"Balance after update (USD): 100.00"}
{"level":"info","message":"Balance before update (01coin): undefined"}
{"level":"info","message":"Updated balance for 01coin: 10"}
{"level":"info","message":"Balance after update (01coin): 10.00000000"}
{"level":"info","message":"Fetching price for 01coin in USD"}
{"level":"info","message":"Balance before update (USD): 100.00"}
{"level":"info","message":"Updated balance for USD: 99.9967993"}
{"level":"info","message":"Balance after update (USD): 100.00"}
{"level":"info","message":"Balance before update (01coin): 10.00000000"}
{"level":"info","message":"Updated balance for 01coin: 20"}
{"level":"info","message":"Balance after update (01coin): 20.00000000"}
{"level":"info","message":"Fetching price for 01coin in USD"}
{"level":"info","message":"Balance before update (USD): 100.00"}
{"level":"info","message":"Updated balance for USD: 99.9967993"}
{"level":"info","message":"Balance after update (USD): 100.00"}
{"level":"info","message":"Balance before update (01coin): 20.00000000"}
{"level":"info","message":"Updated balance for 01coin: 30"}
{"level":"info","message":"Balance after update (01coin): 30.00000000"}
{"level":"info","message":"Fetching price for 01coin in USD"}
{"level":"info","message":"Balance before update (USD): 100.00"}
{"level":"info","message":"Updated balance for USD: 99.9967993"}
{"level":"info","message":"Balance after update (USD): 100.00"}
{"level":"info","message":"Balance before update (01coin): 30.00000000"}
{"level":"info","message":"Updated balance for 01coin: 40"}
{"level":"info","message":"Balance after update (01coin): 40.00000000"}
{"level":"info","message":"Fetching price for 01coin in USD"}
{"level":"info","message":"Balance before update (USD): 100.00"}
{"level":"info","message":"Updated balance for USD: 99.9967986"}
{"level":"info","message":"Balance after update (USD): 100.00"}
{"level":"info","message":"Balance before update (01coin): 40.00000000"}
{"level":"info","message":"Updated balance for 01coin: 50"}
{"level":"info","message":"Balance after update (01coin): 50.00000000"}
{"level":"info","message":"Refreshed wallet balance (USD): 100.00"}
{"level":"info","message":"Fetching price for 01coin in USD"}
{"level":"info","message":"Balance before update (USD): 100.00"}
{"level":"info","message":"Balance after update (USD): 100.00"}
{"level":"info","message":"Balance after update (01coin): 60.00000000"}
{"level":"info","message":"Wallet saved. Balance (USD): 100.00"}
{"level":"info","message":"Refreshed wallet balance (USD): 100.00"}
{"level":"info","message":"Fetching price for 01coin in USD"}
{"level":"info","message":"Calculated total cost: 0.0032012"}
{"level":"info","message":"Balance before update (USD): 100.00"}
{"level":"info","message":"Updated balance should be (USD): 99.9967988"}
{"level":"info","message":"Balance after update (USD): 100.00"}
{"level":"info","message":"Balance after update (01coin): 60.00000000"}
{"level":"info","message":"Wallet saved. Balance (USD): 100.00"}
{"level":"info","message":"Refreshed wallet balance (USD): 100.00"}
{"level":"info","message":"Fetching price for 01coin in USD"}
{"level":"info","message":"Calculated total cost: 0.0032012"}
{"level":"info","message":"Balance before update (USD): 100.00"}
{"level":"info","message":"Updated balance should be (USD): 99.9967988"}
{"level":"info","message":"Balance after update (USD): 100.00"}
{"level":"info","message":"Balance after update (01coin): 70.00000000"}
{"level":"info","message":"Wallet saved. Balance (USD): 100.00"}
{"level":"info","message":"Refreshed wallet balance (USD): 100.00"}
{"level":"info","message":"Fetching price for 01coin in USD"}
{"level":"info","message":"Balance before update (USD): 100.00"}
{"level":"info","message":"Balance after update (USD): 100.00"}
{"level":"info","message":"Balance after update (01coin): 80.00000000"}
{"level":"info","message":"Wallet saved. Balance (USD): 100.00"}
{"level":"info","message":"Refreshed wallet balance (USD): 100.00"}
{"level":"info","message":"Fetching price for 01coin in USD"}
{"level":"info","message":"Balance before update (USD): 100.00"}
{"level":"info","message":"Balance after update (USD): 100.00"}
{"level":"info","message":"Balance after update (01coin): 80.00000000"}
{"level":"info","message":"Wallet saved. Balance (USD): 100.00"}
{"level":"info","message":"Refreshed wallet balance (USD): 100.00"}
{"level":"info","message":"Fetching price for 01coin in USD"}
{"level":"info","message":"Balance before update (USD): 100.00"}
{"level":"info","message":"Balance after update (USD): 100.00"}
{"level":"info","message":"Balance after update (01coin): 80.00000000"}
{"level":"info","message":"Wallet saved. Balance (USD): 100.00"}
{"level":"info","message":"Refreshed wallet balance (USD): 100.00"}
{"level":"info","message":"Fetching price for 01coin in USD"}
{"level":"info","message":"Balance before update (USD): 100.00"}
{"level":"info","message":"Balance after update (USD): 100.00"}
{"level":"info","message":"Balance after update (01coin): 80.00000000"}
{"level":"info","message":"Wallet saved. Balance (USD): 100.00"}
{"level":"info","message":"Refreshed wallet balance (USD): 100.00"}
{"level":"info","message":"Fetching price for 01coin in USD"}
{"level":"info","message":"Balance before update (USD): 100.00"}
{"level":"info","message":"Balance after update (USD): 100.00"}
{"level":"info","message":"Balance after update (01coin): 71.00000000"}
{"level":"info","message":"Wallet saved. Balance (USD): 100.00"}
{"level":"info","message":"Refreshed wallet balance (USD): 100.00"}
{"level":"info","message":"Fetching price for 01coin in USD"}
{"level":"info","message":"Balance before update (USD): 100.00"}
{"level":"info","message":"Balance after update (USD): 100.00"}
{"level":"info","message":"Balance after update (01coin): 71.00000000"}
{"level":"info","message":"Wallet saved. Balance (USD): 100.00"}
{"level":"info","message":"Refreshed wallet balance (USD): 100.00"}
{"level":"info","message":"Fetching price for 01coin in USD"}
{"level":"info","message":"Balance before update (USD): 100.00"}
{"level":"info","message":"Balance after update (USD): 100.00"}
{"level":"info","message":"Balance after update (01coin): 71.00000000"}
{"level":"info","message":"Wallet saved. Balance (USD): 100.00"}
{"level":"info","message":"Refreshed wallet balance (USD): 100.00"}
{"level":"info","message":"Fetching price for 01coin in USD"}
{"level":"info","message":"Balance before update (USD): 100.00"}
{"level":"info","message":"Balance after update (USD): 100.00"}
{"level":"info","message":"Balance after update (01coin): 71.00000000"}
{"level":"info","message":"Wallet saved. Balance (USD): 100.00"}
{"level":"info","message":"Refreshed wallet balance (USD): 100.00"}
{"level":"info","message":"Fetching price for 01coin in USD"}
{"level":"info","message":"Balance before update (USD): 100.00"}
{"level":"info","message":"Balance after update (USD): 100.00"}
{"level":"info","message":"Balance after update (01coin): 71.00000000"}
{"level":"info","message":"Wallet saved. Balance (USD): 100.00"}
{"level":"info","message":"Refreshed wallet balance (USD): 100.00"}
{"level":"info","message":"Fetching price for 01coin in USD"}
{"level":"info","message":"Balance before update (USD): 100.00"}
{"level":"info","message":"Balance after update (USD): 100.00"}
{"level":"info","message":"Balance after update (01coin): 73.00000000"}
{"level":"info","message":"Wallet saved. Balance (USD): 100.00"}
{"level":"info","message":"Refreshed wallet balance (USD): 100.00"}
{"level":"info","message":"Fetching price for 01coin in USD"}
{"level":"info","message":"Balance before update (USD): 100.00"}
{"level":"info","message":"Balance after update (USD): 100.00"}
{"level":"info","message":"Balance after update (01coin): 74.00000000"}
{"level":"info","message":"Wallet saved. Balance (USD): 100.00"}
{"level":"info","message":"Refreshed wallet balance (USD): 100.00"}
{"level":"info","message":"Fetching price for 01coin in USD"}
{"level":"info","message":"Updated fiat balance (USD): 100.00"}
{"level":"info","message":"Updated crypto balance (01coin): 75.00000000"}
{"level":"info","message":"Wallet saved. Balance (USD): 100.00"}
{"level":"info","message":"Refreshed wallet balance (USD): 100.00"}
{"level":"info","message":"Fetching price for 01coin in USD"}
{"level":"info","message":"Updated fiat balance (USD): 100.00"}
{"level":"info","message":"Updated crypto balance (01coin): 75.00000000"}
{"level":"info","message":"Wallet saved. Balance (USD): 100.00"}
{"level":"info","message":"Refreshed wallet balance (USD): 100.00"}
{"level":"info","message":"Fetching price for 01coin in USD"}
{"level":"info","message":"Updated fiat balance (USD): 100.00"}
{"level":"info","message":"Updated crypto balance (01coin): 75.00000000"}
{"level":"info","message":"Wallet saved. Balance (USD): 100.00"}
{"level":"info","message":"Refreshed wallet balance (USD): 100.00"}
{"level":"info","message":"Fetching price for 01coin in USD"}
{"level":"info","message":"Updated fiat balance (USD): 100.00"}
{"level":"info","message":"Updated crypto balance (01coin): 80.00000000"}
{"level":"info","message":"Wallet saved. Balance (USD): 100.00"}
{"level":"info","message":"Refreshed wallet balance (USD): 100.00"}
{"level":"info","message":"Created wallet for user f7dc7cc7-d1c4-4688-b4dd-95c4cdc90791"}
{"level":"info","message":"Updated balance for USD: 150"}
{"level":"info","message":"Deposited 150 USD to wallet for user f7dc7cc7-d1c4-4688-b4dd-95c4cdc90791"}
{"level":"info","message":"Fetching price for 0dog in USD"}
{"level":"info","message":"Updated fiat balance (USD): 149.89"}
{"level":"info","message":"Updated crypto balance (0dog): 10.00000000"}
{"level":"info","message":"Wallet saved. Balance (USD): 149.89"}
{"level":"info","message":"Refreshed wallet balance (USD): 150.00"}
{"level":"info","message":"Fetching price for 0dog in USD"}
{"level":"info","message":"Updated fiat balance (USD): 149.89"}
{"level":"info","message":"Updated crypto balance (0dog): 10.00000000"}
{"level":"info","message":"Wallet saved. Balance (USD): 149.89"}
{"level":"info","message":"Refreshed wallet balance (USD): 150.00"}
{"level":"info","message":"Fetching price for 50cent in USD"}
{"level":"info","message":"Updated fiat balance (USD): 149.64"}
{"level":"info","message":"Updated crypto balance (50cent): 10.00000000"}
{"level":"info","message":"Wallet saved. Balance (USD): 149.64"}
{"level":"info","message":"Refreshed wallet balance (USD): 150.00"}
{"level":"info","message":"Fetching price for 50cent in USD"}
{"level":"info","message":"Updated fiat balance (USD): 149.64"}
{"level":"info","message":"Updated crypto balance (50cent): 10.00000000"}
{"level":"info","message":"Wallet saved. Balance (USD): 149.64"}
{"level":"info","message":"Refreshed wallet balance (USD): 150.00"}
{"level":"info","message":"Refreshed wallet crypto balance (50cent): undefined"}
{"level":"info","message":"Fetching price for 50cent in USD"}
{"level":"info","message":"Updated fiat balance (USD): 149.64"}
{"level":"info","message":"Updated crypto balance (50cent): 10.00000000"}
{"level":"info","message":"Wallet saved. Balance (USD): 149.64"}
{"level":"info","message":"Fetching price for 50cent in USD"}
{"level":"info","message":"Updated fiat balance (USD): 149.64"}
{"level":"info","message":"Updated crypto balance (50cent): 10.00000000"}
{"level":"error","message":"Transaction failed: commit has been called on this transaction(dc92f0c7-110b-41c6-8622-09216ab54b4b), you can no longer use it. (The rejected query is attached as the 'sql' property of this error)"}
{"level":"info","message":"Fetching price for 50cent in USD"}
{"level":"info","message":"Updated fiat balance (USD): 149.64"}
{"level":"info","message":"Updated crypto balance (50cent): 10.00000000"}
{"level":"info","message":"Wallet reloaded. Balance (USD): 150.00"}
{"level":"info","message":"Wallet reloaded. Balance (50cent): undefined"}
{"level":"error","message":"Transaction failed: Balance mismatch detected after saving wallet. Please try again."}
{"level":"info","message":"Fetching price for 50cent in USD"}
{"level":"info","message":"Updated fiat balance (USD): 149.64"}
{"level":"info","message":"Updated crypto balance (50cent): 10.00000000"}
{"level":"error","message":"Transaction failed: commit has been called on this transaction(b59c75a6-c741-4c70-a4a5-c6038a6e5d46), you can no longer use it. (The rejected query is attached as the 'sql' property of this error)"}
{"level":"info","message":"Fetching price for 50cent in USD"}
{"level":"info","message":"Updated fiat balance (USD): 149.64"}
{"level":"info","message":"Updated crypto balance (50cent): 10.00000000"}
{"level":"info","message":"Wallet reloaded. Balance (USD): 150.00"}
{"level":"info","message":"Wallet reloaded. Balance (50cent): undefined"}
{"level":"error","message":"Transaction failed: Balance mismatch detected after saving wallet. Please try again."}
{"level":"info","message":"Fetching price for 50cent in USD"}
{"level":"error","message":"Transaction failed: totalCost.isNaN is not a function"}
{"level":"info","message":"Fetching price for 50cent in USD"}
{"level":"info","message":"Updated fiat balance (USD): 149.64"}
{"level":"info","message":"Updated crypto balance (50cent): 10.00000000"}
{"level":"info","message":"Wallet reloaded. Balance (USD): 150.00"}
{"level":"info","message":"Wallet reloaded. Balance (50cent): undefined"}
{"level":"error","message":"Transaction failed: Balance mismatch detected after saving wallet. Please try again."}
{"level":"info","message":"Fetching price for 50cent in USD"}
{"level":"info","message":"Updated fiat balance (USD): 149.64"}
{"level":"info","message":"Updated crypto balance (50cent): 10.00000000"}
{"level":"info","message":"Wallet saved. Balance (USD): 149.64"}
{"level":"info","message":"Wallet reloaded. Balance (USD): 149.64"}
{"level":"info","message":"Wallet reloaded. Balance (50cent): 10.00000000"}
{"level":"info","message":"Fetching price for 50cent in USD"}
{"level":"info","message":"Updated fiat balance (USD): 149.28"}
{"level":"info","message":"Updated crypto balance (50cent): 20.00000000"}
{"level":"info","message":"Wallet saved. Balance (USD): 149.28"}
{"level":"info","message":"Wallet reloaded. Balance (USD): 149.28"}
{"level":"info","message":"Wallet reloaded. Balance (50cent): 20.00000000"}
{"level":"info","message":"Fetching price for 50cent in USD"}
{"level":"info","message":"Updated fiat balance (USD): 148.92"}
{"level":"info","message":"Updated crypto balance (50cent): 30.00000000"}
{"level":"info","message":"Wallet saved. Balance (USD): 148.92"}
{"level":"info","message":"Wallet reloaded. Balance (USD): 148.92"}
{"level":"info","message":"Wallet reloaded. Balance (50cent): 30.00000000"}
{"level":"info","message":"Fetching price for 50cent in USD"}
{"level":"info","message":"Updated fiat balance (USD): 148.56"}
{"level":"info","message":"Updated crypto balance (50cent): 40.00000000"}
{"level":"info","message":"Wallet saved. Balance (USD): 148.56"}
{"level":"info","message":"Wallet reloaded. Balance (USD): 148.56"}
{"level":"info","message":"Wallet reloaded. Balance (50cent): 40.00000000"}
{"level":"info","message":"Fetching price for 50cent in USD"}
{"level":"info","message":"Updated fiat balance (USD): 148.20"}
{"level":"info","message":"Updated crypto balance (50cent): 50.00000000"}
{"level":"info","message":"Wallet saved. Balance (USD): 148.20"}
{"level":"info","message":"Wallet reloaded. Balance (USD): 148.20"}
{"level":"info","message":"Wallet reloaded. Balance (50cent): 50.00000000"}
{"level":"info","message":"Fetching price for 50cent in USD"}
{"level":"info","message":"Updated fiat balance (USD): 147.84"}
{"level":"info","message":"Updated crypto balance (50cent): 60.00000000"}
{"level":"info","message":"Wallet saved. Balance (USD): 147.84"}
{"level":"info","message":"Wallet reloaded. Balance (USD): 147.84"}
{"level":"info","message":"Wallet reloaded. Balance (50cent): 60.00000000"}
{"level":"info","message":"Fetching price for 50cent in USD"}
{"level":"info","message":"Updated crypto balance (50cent): 50.00000000"}
{"level":"info","message":"Updated fiat balance (USD): 148.20"}
{"level":"info","message":"Wallet saved. Balance (USD): 148.20"}
{"level":"info","message":"Wallet reloaded. Balance (USD): 148.20"}
{"level":"info","message":"Wallet reloaded. Balance (50cent): 50.00000000"}
{"level":"info","message":"Fetching price for 50cent in USD"}
{"level":"info","message":"Updated crypto balance (50cent): 40.00000000"}
{"level":"info","message":"Updated fiat balance (USD): 148.56"}
{"level":"info","message":"Wallet saved. Balance (USD): 148.56"}
{"level":"info","message":"Wallet reloaded. Balance (USD): 148.56"}
{"level":"info","message":"Wallet reloaded. Balance (50cent): 40.00000000"}
{"level":"info","message":"Fetching price for 50cent in USD"}
{"level":"info","message":"Updated crypto balance (50cent): 30.00000000"}
{"level":"info","message":"Updated fiat balance (USD): 148.92"}
{"level":"info","message":"Wallet saved. Balance (USD): 148.92"}
{"level":"info","message":"Wallet reloaded. Balance (USD): 148.92"}
{"level":"info","message":"Wallet reloaded. Balance (50cent): 30.00000000"}
{"level":"info","message":"Fetching price for 50cent in USD"}
{"level":"info","message":"Updated crypto balance (50cent): 20.00000000"}
{"level":"info","message":"Updated fiat balance (USD): 149.28"}
{"level":"info","message":"Wallet saved. Balance (USD): 149.28"}
{"level":"info","message":"Wallet reloaded. Balance (USD): 149.28"}
{"level":"info","message":"Wallet reloaded. Balance (50cent): 20.00000000"}
{"level":"info","message":"Fetching price for 50cent in USD"}
{"level":"info","message":"Updated crypto balance (50cent): 10.00000000"}
{"level":"info","message":"Updated fiat balance (USD): 149.64"}
{"level":"info","message":"Wallet saved. Balance (USD): 149.64"}
{"level":"info","message":"Wallet reloaded. Balance (USD): 149.64"}
{"level":"info","message":"Wallet reloaded. Balance (50cent): 10.00000000"}
{"level":"info","message":"Fetching price for 50cent in USD"}
{"level":"info","message":"Updated crypto balance (50cent): 0.00000000"}
{"level":"info","message":"Updated fiat balance (USD): 150.00"}
{"level":"info","message":"Wallet saved. Balance (USD): 150.00"}
{"level":"info","message":"Wallet reloaded. Balance (USD): 150.00"}
{"level":"info","message":"Wallet reloaded. Balance (50cent): 0.00000000"}
{"level":"error","message":"Transaction failed: Insufficient balance. You have 0.00 50cent but tried to process 10.00 50cent."}
{"level":"info","message":"Fetching price for 50cent in USD"}
{"level":"info","message":"Updated fiat balance (USD): 149.64"}
{"level":"info","message":"Updated crypto balance (50cent): 10.00000000"}
{"level":"info","message":"Wallet saved. Balance (USD): 149.64"}
{"level":"info","message":"Wallet reloaded. Balance (USD): 149.64"}
{"level":"info","message":"Wallet reloaded. Balance (50cent): 10.00000000"}
{"level":"info","message":"Fetching price for 50cent in USD"}
{"level":"info","message":"Updated fiat balance (USD): 149.10"}
{"level":"info","message":"Updated crypto balance (50cent): 25.00000000"}
{"level":"info","message":"Wallet saved. Balance (USD): 149.10"}
{"level":"info","message":"Wallet reloaded. Balance (USD): 149.10"}
{"level":"info","message":"Wallet reloaded. Balance (50cent): 25.00000000"}
{"level":"info","message":"Fetching price for 50cent in USD"}
{"level":"info","message":"Updated fiat balance (USD): 148.56"}
{"level":"info","message":"Updated crypto balance (50cent): 40.00000000"}
{"level":"info","message":"Wallet saved. Balance (USD): 148.56"}
{"level":"info","message":"Wallet reloaded. Balance (USD): 148.56"}
{"level":"info","message":"Wallet reloaded. Balance (50cent): 40.00000000"}
{"level":"info","message":"Fetching price for 50cent in USD"}
{"level":"info","message":"Updated fiat balance (USD): 148.02"}
{"level":"info","message":"Updated crypto balance (50cent): 55.00000000"}
{"level":"info","message":"Wallet saved. Balance (USD): 148.02"}
{"level":"info","message":"Wallet reloaded. Balance (USD): 148.02"}
{"level":"info","message":"Wallet reloaded. Balance (50cent): 55.00000000"}
{"level":"info","message":"Fetching price for 50cent in USD"}
{"level":"info","message":"Updated crypto balance (50cent): 45.00000000"}
{"level":"info","message":"Updated fiat balance (USD): 148.38"}
{"level":"info","message":"Wallet saved. Balance (USD): 148.38"}
{"level":"info","message":"Wallet reloaded. Balance (USD): 148.38"}
{"level":"info","message":"Wallet reloaded. Balance (50cent): 45.00000000"}
{"level":"info","message":"Fetching price for 50cent in USD"}
{"level":"info","message":"Updated crypto balance (50cent): 35.00000000"}
{"level":"info","message":"Updated fiat balance (USD): 148.74"}
{"level":"info","message":"Wallet saved. Balance (USD): 148.74"}
{"level":"info","message":"Wallet reloaded. Balance (USD): 148.74"}
{"level":"info","message":"Wallet reloaded. Balance (50cent): 35.00000000"}
{"level":"info","message":"Fetching price for 50cent in USD"}
{"level":"info","message":"Updated crypto balance (50cent): 25.00000000"}
{"level":"info","message":"Updated fiat balance (USD): 149.10"}
{"level":"info","message":"Wallet saved. Balance (USD): 149.10"}
{"level":"info","message":"Wallet reloaded. Balance (USD): 149.10"}
{"level":"info","message":"Wallet reloaded. Balance (50cent): 25.00000000"}
{"level":"info","message":"Fetching price for 50cent in USD"}
{"level":"info","message":"Updated fiat balance (USD): 148.56"}
{"level":"info","message":"Updated crypto balance (50cent): 40.00000000"}
{"level":"info","message":"Wallet saved. Balance (USD): 148.56"}
{"level":"info","message":"Wallet reloaded. Balance (USD): 148.56"}
{"level":"info","message":"Wallet reloaded. Balance (50cent): 40.00000000"}
{"level":"info","message":"Fetching price for 50cent in USD"}
{"level":"info","message":"Updated fiat balance (USD): 148.02"}
{"level":"info","message":"Updated crypto balance (50cent): 55.00000000"}
{"level":"info","message":"Wallet saved. Balance (USD): 148.02"}
{"level":"info","message":"Wallet reloaded. Balance (USD): 148.02"}
{"level":"info","message":"Wallet reloaded. Balance (50cent): 55.00000000"}
